<?xml version="1.0" encoding="UTF-8"?>
<!-- Generated by org.testng.reporters.JUnitReportReporter -->
<testsuite hostname="DESKTOP-E32EPOV" name="TestThree.Test2" tests="1" failures="0" timestamp="15 Apr 2020 07:57:54 GMT" time="11.532" errors="0">
  <testcase name="openapp4" time="11.532" classname="TestThree.Test2"/>
</testsuite> <!-- TestThree.Test2 -->
