<?xml version="1.0" encoding="UTF-8"?>
<!-- Generated by org.testng.reporters.JUnitReportReporter -->
<testsuite hostname="DESKTOP-E32EPOV" name="Testtwo.Test3" tests="3" failures="0" timestamp="15 Apr 2020 06:47:14 GMT" time="43.210" errors="0">
  <testcase name="openapp8" time="10.313" classname="Testtwo.Test3"/>
  <testcase name="openapp9" time="22.510" classname="Testtwo.Test3"/>
  <testcase name="openapp7" time="10.387" classname="Testtwo.Test3"/>
</testsuite> <!-- Testtwo.Test3 -->
