<?xml version="1.0" encoding="UTF-8"?>
<!-- Generated by org.testng.reporters.JUnitReportReporter -->
<testsuite hostname="DESKTOP-E32EPOV" name="Testtwo.Test2" tests="3" failures="0" timestamp="15 Apr 2020 06:47:14 GMT" time="29.624" errors="0">
  <testcase name="openapp6" time="9.925" classname="Testtwo.Test2"/>
  <testcase name="openapp4" time="9.454" classname="Testtwo.Test2"/>
  <testcase name="openapp5" time="10.245" classname="Testtwo.Test2"/>
</testsuite> <!-- Testtwo.Test2 -->
