<?xml version="1.0" encoding="UTF-8"?>
<!-- Generated by org.testng.reporters.JUnitReportReporter -->
<testsuite hostname="DESKTOP-E32EPOV" name="TestingOne.Test3" tests="3" failures="0" timestamp="15 Apr 2020 07:24:21 GMT" time="51.607" errors="0">
  <testcase name="openapp7" time="18.661" classname="TestingOne.Test3"/>
  <testcase name="openapp8" time="16.244" classname="TestingOne.Test3"/>
  <testcase name="openapp9" time="16.702" classname="TestingOne.Test3"/>
</testsuite> <!-- TestingOne.Test3 -->
