<?xml version="1.0" encoding="UTF-8"?>
<!-- Generated by org.testng.reporters.JUnitReportReporter -->
<testsuite hostname="DESKTOP-E32EPOV" name="Testtwo.Test1" tests="3" failures="0" timestamp="15 Apr 2020 06:47:14 GMT" time="32.617" errors="0">
  <testcase name="openapp3" time="10.353" classname="Testtwo.Test1"/>
  <testcase name="openapp2" time="9.791" classname="Testtwo.Test1"/>
  <testcase name="openapp1" time="12.473" classname="Testtwo.Test1"/>
</testsuite> <!-- Testtwo.Test1 -->
