<?xml version="1.0" encoding="UTF-8"?>
<!-- Generated by org.testng.reporters.JUnitReportReporter -->
<testsuite hostname="DESKTOP-E32EPOV" name="TestThree.Test1" tests="3" failures="0" timestamp="15 Apr 2020 07:57:54 GMT" time="29.987" errors="0">
  <testcase name="openapp1" time="11.585" classname="TestThree.Test1"/>
  <testcase name="openapp2" time="9.534" classname="TestThree.Test1"/>
  <testcase name="openapp3" time="8.868" classname="TestThree.Test1"/>
</testsuite> <!-- TestThree.Test1 -->
