<?xml version="1.0" encoding="UTF-8"?>
<!-- Generated by org.testng.reporters.JUnitReportReporter -->
<testsuite hostname="DESKTOP-E32EPOV" name="TestingOne.Test2" tests="3" failures="0" timestamp="15 Apr 2020 07:24:21 GMT" time="43.732" errors="0">
  <testcase name="openapp4" time="12.400" classname="TestingOne.Test2"/>
  <testcase name="openapp5" time="13.357" classname="TestingOne.Test2"/>
  <testcase name="openapp6" time="17.975" classname="TestingOne.Test2"/>
</testsuite> <!-- TestingOne.Test2 -->
